/*C15*/SET SCHEMA PUBLIC
DISCONNECT
/*C16*/SET SCHEMA PUBLIC
drop table Filme if exists
create table Filme (id bigint generated by default as identity (start with 1), categoria varchar(50), nome varchar(80), nome_imagem varchar(70), pontuacao bigint not null, primary key (id))
DISCONNECT
/*C17*/SET SCHEMA PUBLIC
INSERT INTO FILME VALUES(1,NULL,'Gravidade',NULL,0)
COMMIT
DISCONNECT
/*C18*/SET SCHEMA PUBLIC
INSERT INTO FILME VALUES(2,NULL,NULL,NULL,0)
COMMIT
DISCONNECT
/*C19*/SET SCHEMA PUBLIC
INSERT INTO FILME VALUES(3,NULL,NULL,NULL,0)
COMMIT
DISCONNECT
/*C20*/SET SCHEMA PUBLIC
DISCONNECT
/*C21*/SET SCHEMA PUBLIC
DISCONNECT
/*C22*/SET SCHEMA PUBLIC
DISCONNECT
/*C23*/SET SCHEMA PUBLIC
DISCONNECT
/*C24*/SET SCHEMA PUBLIC
DISCONNECT
/*C25*/SET SCHEMA PUBLIC
DELETE FROM FILME WHERE ID=1
INSERT INTO FILME VALUES(1,NULL,'Gravidade II',NULL,0)
COMMIT
DISCONNECT
/*C26*/SET SCHEMA PUBLIC
DISCONNECT
/*C27*/SET SCHEMA PUBLIC
drop table Filme if exists
DISCONNECT
